<?xml version="1.0" encoding="UTF-8"?>
<testsuite xmlns:xsi="http://www.w3.org/2001/XMLSchema-instance" xsi:noNamespaceSchemaLocation="https://maven.apache.org/surefire/maven-surefire-plugin/xsd/surefire-test-report-3.0.xsd" version="3.0" name="com.dimathicc.currencyapp.CurrencyAppApplicationTests" time="2.864" tests="1" errors="0" skipped="0" failures="0">
  <properties>
[...]
</properties>
  <testcase name="contextLoads" classname="com.dimathicc.currencyapp.CurrencyAppApplicationTests" time="0.648">
    <system-out><![CDATA[Standard Commons Logging discovery in action with spring-jcl: please remove commons-logging.jar from classpath in order to avoid potential conflicts
19:48:43.057 [main] INFO org.springframework.test.context.support.AnnotationConfigContextLoaderUtils -- Could not detect default configuration classes for test class [com.dimathicc.currencyapp.CurrencyAppApplicationTests]: CurrencyAppApplicationTests does not declare any static, non-private, non-final, nested classes annotated with @Configuration.
19:48:43.123 [main] INFO org.springframework.boot.test.context.SpringBootTestContextBootstrapper -- Found @SpringBootConfiguration com.dimathicc.currencyapp.CurrencyAppApplication for test class com.dimathicc.currencyapp.CurrencyAppApplicationTests

  .   ____          _            __ _ _
 /\\ / ___'_ __ _ _(_)_ __  __ _ \ \ \ \
( ( )\___ | '_ | '_| | '_ \/ _` | \ \ \ \
 \\/  ___)| |_)| | | | | || (_| |  ) ) ) )
  '  |____| .__|_| |_|_| |_\__, | / / / /
 =========|_|==============|___/=/_/_/_/
 :: Spring Boot ::                (v3.1.5)

2023-11-10T19:48:43.519+03:00  INFO 27836 --- [           main] c.d.c.CurrencyAppApplicationTests        : Starting CurrencyAppApplicationTests using Java 21 with PID 27836 (started by dmitryshvalev in /Users/dmitryshvalev/Downloads/Projects/currency-application/currency-rate)
2023-11-10T19:48:43.522+03:00  INFO 27836 --- [           main] c.d.c.CurrencyAppApplicationTests        : No active profile set, falling back to 1 default profile: "default"
2023-11-10T19:48:44.571+03:00  INFO 27836 --- [           main] o.s.cloud.context.scope.GenericScope     : BeanFactory id=c755bbd3-86fa-34f5-921d-208dd015f44b
2023-11-10T19:48:45.076+03:00  INFO 27836 --- [           main] DiscoveryClientOptionalArgsConfiguration : Eureka HTTP Client uses RestTemplate.
2023-11-10T19:48:45.108+03:00  WARN 27836 --- [           main] iguration$LoadBalancerCaffeineWarnLogger : Spring Cloud LoadBalancer is currently working with the default cache. While this cache implementation is useful for development and tests, it's recommended to use Caffeine cache in production.You can switch to using Caffeine cache, by adding it and org.springframework.cache.caffeine.CaffeineCacheManager to the classpath.
2023-11-10T19:48:45.125+03:00  INFO 27836 --- [           main] c.d.c.CurrencyAppApplicationTests        : Started CurrencyAppApplicationTests in 1.905 seconds (process running for 2.739)
]]></system-out>
    <system-err><![CDATA[WARNING: A Java agent has been loaded dynamically (/Users/dmitryshvalev/.m2/repository/net/bytebuddy/byte-buddy-agent/1.14.9/byte-buddy-agent-1.14.9.jar)
WARNING: If a serviceability tool is in use, please run with -XX:+EnableDynamicAgentLoading to hide this warning
WARNING: If a serviceability tool is not in use, please run with -Djdk.instrument.traceUsage for more information
WARNING: Dynamic loading of agents will be disallowed by default in a future release
]]></system-err>
  </testcase>
</testsuite>